<?xml version="1.0" encoding="UTF-8"?>
<!-- Generated by org.testng.reporters.JUnitReportReporter -->
<testsuite hostname="DESKTOP-5IFLL34" failures="0" tests="1" name="practice.HardAssert" time="0.026" errors="0" timestamp="2023-01-26T19:43:36 IST" skipped="0">
  <testcase classname="practice.HardAssert" name="demo" time="0.026"/>
  <system-out/>
</testsuite> <!-- practice.HardAssert -->
